Log file open, 01/02/21 09:12:55
LogWindows: Failed to load 'aqProf.dll' (GetLastError=126)
LogWindows: File 'aqProf.dll' does not exist
LogWindows: Failed to load 'VtuneApi.dll' (GetLastError=126)
LogWindows: File 'VtuneApi.dll' does not exist
LogWindows: Failed to load 'VtuneApi32e.dll' (GetLastError=126)
LogWindows: File 'VtuneApi32e.dll' does not exist
LogConsoleResponse: Display: Failed to find resolution value strings in scalability ini. Falling back to default.
LogInit: Display: Running engine for game: BuildingEscape
LogPakFile: Registered encryption key '00000000000000000000000000000000': 0 pak files mounted, 0 remain pending
LogPlatformFile: Not using cached read wrapper
LogTaskGraph: Started task graph with 5 named threads and 14 total threads with 3 sets of task threads.
LogStats: Stats thread started at 0.996418
LogD3D11RHI: Loaded GFSDK_Aftermath_Lib.x64.dll
LogICUInternationalization: ICU TimeZone Detection - Raw Offset: +0:00, Platform Override: ''
LogPluginManager: Mounting plugin Paper2D
LogPluginManager: Mounting plugin AISupport
LogPluginManager: Mounting plugin LightPropagationVolume
LogPluginManager: Mounting plugin ActorLayerUtilities
LogPluginManager: Mounting plugin AnimationSharing
LogPluginManager: Mounting plugin CLionSourceCodeAccess
LogPluginManager: Mounting plugin CodeLiteSourceCodeAccess
LogPluginManager: Mounting plugin GitSourceControl
LogPluginManager: Mounting plugin KDevelopSourceCodeAccess
LogPluginManager: Mounting plugin NullSourceCodeAccess
LogPluginManager: Mounting plugin PerforceSourceControl
LogPluginManager: Mounting plugin SubversionSourceControl
LogPluginManager: Mounting plugin UObjectPlugin
LogPluginManager: Mounting plugin VisualStudioCodeSourceCodeAccess
LogPluginManager: Mounting plugin VisualStudioSourceCodeAccess
LogPluginManager: Mounting plugin XCodeSourceCodeAccess
LogPluginManager: Mounting plugin AssetManagerEditor
LogPluginManager: Mounting plugin CryptoKeys
LogPluginManager: Mounting plugin DataValidation
LogPluginManager: Mounting plugin FacialAnimation
LogPluginManager: Mounting plugin GameplayTagsEditor
LogPluginManager: Mounting plugin MacGraphicsSwitching
LogPluginManager: Mounting plugin MaterialAnalyzer
LogPluginManager: Mounting plugin MobileLauncherProfileWizard
LogPluginManager: Mounting plugin PluginBrowser
LogPluginManager: Mounting plugin SpeedTreeImporter
LogPluginManager: Mounting plugin DatasmithContent
LogPluginManager: Mounting plugin VariantManagerContent
LogPluginManager: Mounting plugin AlembicImporter
LogPluginManager: Mounting plugin AppleImageUtils
LogPluginManager: Mounting plugin AppleVision
LogPluginManager: Mounting plugin BackChannel
LogPluginManager: Mounting plugin CharacterAI
LogPluginManager: Mounting plugin GeometryCache
LogPluginManager: Mounting plugin HTML5Networking
LogPluginManager: Mounting plugin ProxyLODPlugin
LogPluginManager: Mounting plugin SkeletalReduction
LogPluginManager: Mounting plugin MagicLeap
LogPluginManager: Mounting plugin MagicLeapMedia
LogPluginManager: Mounting plugin RiderSourceCodeAccess
LogPluginManager: Mounting plugin AndroidMedia
LogPluginManager: Mounting plugin AvfMedia
LogPluginManager: Mounting plugin ImgMedia
LogPluginManager: Mounting plugin LinearTimecode
LogPluginManager: Mounting plugin MediaCompositing
LogPluginManager: Mounting plugin MediaPlayerEditor
LogPluginManager: Mounting plugin WebMMedia
LogPluginManager: Mounting plugin WmfMedia
LogPluginManager: Mounting plugin TcpMessaging
LogPluginManager: Mounting plugin UdpMessaging
LogPluginManager: Mounting plugin ActorSequence
LogPluginManager: Mounting plugin LevelSequenceEditor
LogPluginManager: Mounting plugin MatineeToLevelSequence
LogPluginManager: Mounting plugin NetcodeUnitTest
LogPluginManager: Mounting plugin NUTUnrealEngine4
LogPluginManager: Mounting plugin OnlineSubsystemGooglePlay
LogPluginManager: Mounting plugin OnlineSubsystemIOS
LogPluginManager: Mounting plugin OnlineSubsystem
LogPluginManager: Mounting plugin OnlineSubsystemNull
LogPluginManager: Mounting plugin OnlineSubsystemUtils
LogPluginManager: Mounting plugin LauncherChunkInstaller
LogPluginManager: Mounting plugin AndroidDeviceProfileSelector
LogPluginManager: Mounting plugin AndroidMoviePlayer
LogPluginManager: Mounting plugin AndroidPermission
LogPluginManager: Mounting plugin AppleMoviePlayer
LogPluginManager: Mounting plugin ArchVisCharacter
LogPluginManager: Mounting plugin AudioCapture
LogPluginManager: Mounting plugin CableComponent
LogPluginManager: Mounting plugin CustomMeshComponent
LogPluginManager: Mounting plugin EditableMesh
LogPluginManager: Mounting plugin ExampleDeviceProfileSelector
LogPluginManager: Mounting plugin Firebase
LogPluginManager: Mounting plugin GoogleCloudMessaging
LogPluginManager: Mounting plugin IOSDeviceProfileSelector
LogPluginManager: Mounting plugin LinuxDeviceProfileSelector
LogPluginManager: Mounting plugin LocationServicesBPLibrary
LogPluginManager: Mounting plugin MobilePatchingUtils
LogPluginManager: Mounting plugin OculusVR
LogPluginManager: Mounting plugin PhysXVehicles
LogPluginManager: Mounting plugin ProceduralMeshComponent
LogPluginManager: Mounting plugin RuntimePhysXCooking
LogPluginManager: Mounting plugin SignificanceManager
LogPluginManager: Mounting plugin SteamVR
LogPluginManager: Mounting plugin WebMMoviePlayer
LogPluginManager: Mounting plugin WindowsMoviePlayer
LogInit: Using libcurl 7.55.1-DEV
LogInit:  - built for x86_64-pc-win32
LogInit:  - supports SSL with OpenSSL/1.1.1
LogInit:  - supports HTTP deflate (compression) using libz 1.2.8
LogInit:  - other features:
LogInit:      CURL_VERSION_SSL
LogInit:      CURL_VERSION_LIBZ
LogInit:      CURL_VERSION_IPV6
LogInit:      CURL_VERSION_ASYNCHDNS
LogInit:      CURL_VERSION_LARGEFILE
LogInit:      CURL_VERSION_IDN
LogInit:  CurlRequestOptions (configurable via config and command line):
LogInit:  - bVerifyPeer = true  - Libcurl will verify peer certificate
LogInit:  - bUseHttpProxy = false  - Libcurl will NOT use HTTP proxy
LogInit:  - bDontReuseConnections = false  - Libcurl will reuse connections
LogInit:  - MaxHostConnections = 16  - Libcurl will limit the number of connections to a host
LogInit:  - LocalHostAddr = Default
LogInit:  - BufferSize = 65536
LogInit: WinSock: version 1.1 (2.2), MaxSocks=32767, MaxUdp=65467
LogInit: Build: ++UE4+Release-4.22-CL-7053642
LogInit: Engine Version: 4.22.3-7053642+++UE4+Release-4.22
LogInit: Compatible Engine Version: 4.22.0-5660361+++UE4+Release-4.22
LogInit: Net CL: 5660361
LogInit: OS: Windows 10 (Release 2009) (), CPU: Intel(R) Core(TM) i5-6300HQ CPU @ 2.30GHz, GPU: Intel(R) HD Graphics 530
LogInit: Compiled (64-bit): Jun 18 2019 03:09:11
LogInit: Compiled with Visual C++: 19.16.27025.01
LogInit: Build Configuration: Development
LogInit: Branch Name: ++UE4+Release-4.22
LogInit: Command Line: 
LogInit: Base Directory: C:/Program Files/Epic Games/UE_4.22/Engine/Binaries/Win64/
LogInit: Installed Engine Build: 1
LogDevObjectVersion: Number of dev versions registered: 23
LogDevObjectVersion:   Dev-Blueprints (B0D832E4-1F89-4F0D-ACCF-7EB736FD4AA2): 10
LogDevObjectVersion:   Dev-Build (E1C64328-A22C-4D53-A36C-8E866417BD8C): 0
LogDevObjectVersion:   Dev-Core (375EC13C-06E4-48FB-B500-84F0262A717E): 3
LogDevObjectVersion:   Dev-Editor (E4B068ED-F494-42E9-A231-DA0B2E46BB41): 30
LogDevObjectVersion:   Dev-Framework (CFFC743F-43B0-4480-9391-14DF171D2073): 35
LogDevObjectVersion:   Dev-Mobile (B02B49B5-BB20-44E9-A304-32B752E40360): 2
LogDevObjectVersion:   Dev-Networking (A4E4105C-59A1-49B5-A7C5-40C4547EDFEE): 0
LogDevObjectVersion:   Dev-Online (39C831C9-5AE6-47DC-9A44-9C173E1C8E7C): 0
LogDevObjectVersion:   Dev-Physics (78F01B33-EBEA-4F98-B9B4-84EACCB95AA2): 0
LogDevObjectVersion:   Dev-Platform (6631380F-2D4D-43E0-8009-CF276956A95A): 0
LogDevObjectVersion:   Dev-Rendering (12F88B9F-8875-4AFC-A67C-D90C383ABD29): 28
LogDevObjectVersion:   Dev-Sequencer (7B5AE74C-D270-4C10-A958-57980B212A5A): 11
LogDevObjectVersion:   Dev-VR (D7296918-1DD6-4BDD-9DE2-64A83CC13884): 2
LogDevObjectVersion:   Dev-LoadTimes (C2A15278-BFE7-4AFE-6C17-90FF531DF755): 1
LogDevObjectVersion:   Private-Geometry (6EACA3D4-40EC-4CC1-B786-8BED09428FC5): 3
LogDevObjectVersion:   Dev-AnimPhys (29E575DD-E0A3-4627-9D10-D276232CDCEA): 17
LogDevObjectVersion:   Dev-Anim (AF43A65D-7FD3-4947-9873-3E8ED9C1BB05): 2
LogDevObjectVersion:   Dev-ReflectionCapture (6B266CEC-1EC7-4B8F-A30B-E4D90942FC07): 1
LogDevObjectVersion:   Dev-Automation (0DF73D61-A23F-47EA-B727-89E90C41499A): 1
LogDevObjectVersion:   FortniteMain (601D1886-AC64-4F84-AA16-D3DE0DEAC7D6): 25
LogDevObjectVersion:   Dev-Enterprise (9DFFBCD6-494F-0158-E221-12823C92A888): 6
LogDevObjectVersion:   Dev-Niagara (F2AED0AC-9AFE-416F-8664-AA7FFA26D6FC): 1
LogDevObjectVersion:   Dev-Destruction (174F1F0B-B4C6-45A5-B13F-2EE8D0FB917D): 2
LogInit: Presizing for max 16777216 objects, including 0 objects not considered by GC, pre-allocating 0 bytes for permanent pool.
LogInit: Object subsystem initialized
LogConfig: Setting CVar [[con.DebugEarlyDefault:1]]
LogConfig: Setting CVar [[r.setres:1280x720]]
[2021.01.02-09.12.57:535][  0]LogConfig: Setting CVar [[r.VSync:0]]
[2021.01.02-09.12.57:535][  0]LogConfig: Setting CVar [[r.RHICmdBypass:0]]
[2021.01.02-09.12.57:535][  0]LogConfig: Applying CVar settings from Section [/Script/Engine.RendererSettings] File [C:/programming/udemy_unrealEngine/BuildingEscape/Saved/Config/Windows/Engine.ini]
[2021.01.02-09.12.57:535][  0]LogConfig: Setting CVar [[r.GPUCrashDebugging:0]]
[2021.01.02-09.12.57:535][  0]LogConfig: Setting CVar [[r.DefaultFeature.AutoExposure.ExtendDefaultLuminanceRange:1]]
[2021.01.02-09.12.57:535][  0]LogConfig: Applying CVar settings from Section [/Script/Engine.RendererOverrideSettings] File [C:/programming/udemy_unrealEngine/BuildingEscape/Saved/Config/Windows/Engine.ini]
[2021.01.02-09.12.57:535][  0]LogConfig: Applying CVar settings from Section [/Script/Engine.StreamingSettings] File [C:/programming/udemy_unrealEngine/BuildingEscape/Saved/Config/Windows/Engine.ini]
[2021.01.02-09.12.57:535][  0]LogConfig: Setting CVar [[s.MinBulkDataSizeForAsyncLoading:131072]]
[2021.01.02-09.12.57:535][  0]LogConfig: Setting CVar [[s.AsyncLoadingThreadEnabled:0]]
[2021.01.02-09.12.57:535][  0]LogConfig: Setting CVar [[s.EventDrivenLoaderEnabled:1]]
[2021.01.02-09.12.57:535][  0]LogConfig: Setting CVar [[s.WarnIfTimeLimitExceeded:0]]
[2021.01.02-09.12.57:535][  0]LogConfig: Setting CVar [[s.TimeLimitExceededMultiplier:1.5]]
[2021.01.02-09.12.57:536][  0]LogConfig: Setting CVar [[s.TimeLimitExceededMinTime:0.005]]
[2021.01.02-09.12.57:536][  0]LogConfig: Setting CVar [[s.UseBackgroundLevelStreaming:1]]
[2021.01.02-09.12.57:536][  0]LogConfig: Setting CVar [[s.PriorityAsyncLoadingExtraTime:15.0]]
[2021.01.02-09.12.57:536][  0]LogConfig: Setting CVar [[s.LevelStreamingActorsUpdateTimeLimit:5.0]]
[2021.01.02-09.12.57:536][  0]LogConfig: Setting CVar [[s.PriorityLevelStreamingActorsUpdateExtraTime:5.0]]
[2021.01.02-09.12.57:536][  0]LogConfig: Setting CVar [[s.LevelStreamingComponentsRegistrationGranularity:10]]
[2021.01.02-09.12.57:536][  0]LogConfig: Setting CVar [[s.UnregisterComponentsTimeLimit:1.0]]
[2021.01.02-09.12.57:536][  0]LogConfig: Setting CVar [[s.LevelStreamingComponentsUnregistrationGranularity:5]]
[2021.01.02-09.12.57:536][  0]LogConfig: Applying CVar settings from Section [/Script/Engine.GarbageCollectionSettings] File [C:/programming/udemy_unrealEngine/BuildingEscape/Saved/Config/Windows/Engine.ini]
[2021.01.02-09.12.57:536][  0]LogConfig: Setting CVar [[gc.MaxObjectsNotConsideredByGC:1]]
[2021.01.02-09.12.57:536][  0]LogConfig: Setting CVar [[gc.SizeOfPermanentObjectPool:0]]
[2021.01.02-09.12.57:536][  0]LogConfig: Setting CVar [[gc.FlushStreamingOnGC:0]]
[2021.01.02-09.12.57:536][  0]LogConfig: Setting CVar [[gc.NumRetriesBeforeForcingGC:10]]
[2021.01.02-09.12.57:536][  0]LogConfig: Setting CVar [[gc.AllowParallelGC:1]]
[2021.01.02-09.12.57:536][  0]LogConfig: Setting CVar [[gc.TimeBetweenPurgingPendingKillObjects:61.1]]
[2021.01.02-09.12.57:536][  0]LogConfig: Setting CVar [[gc.MaxObjectsInEditor:16777216]]
[2021.01.02-09.12.57:536][  0]LogConfig: Setting CVar [[gc.IncrementalBeginDestroyEnabled:1]]
[2021.01.02-09.12.57:536][  0]LogConfig: Setting CVar [[gc.CreateGCClusters:1]]
[2021.01.02-09.12.57:536][  0]LogConfig: Setting CVar [[gc.MinGCClusterSize:5]]
[2021.01.02-09.12.57:536][  0]LogConfig: Setting CVar [[gc.ActorClusteringEnabled:0]]
[2021.01.02-09.12.57:536][  0]LogConfig: Setting CVar [[gc.BlueprintClusteringEnabled:0]]
[2021.01.02-09.12.57:536][  0]LogConfig: Setting CVar [[gc.UseDisregardForGCOnDedicatedServers:0]]
[2021.01.02-09.12.57:536][  0]LogConfig: Applying CVar settings from Section [/Script/Engine.NetworkSettings] File [C:/programming/udemy_unrealEngine/BuildingEscape/Saved/Config/Windows/Engine.ini]
[2021.01.02-09.12.57:536][  0]LogConfig: Applying CVar settings from Section [/Script/UnrealEd.CookerSettings] File [C:/programming/udemy_unrealEngine/BuildingEscape/Saved/Config/Windows/Engine.ini]
[2021.01.02-09.12.57:546][  0]LogConfig: Applying CVar settings from Section [ViewDistanceQuality@3] File [C:/programming/udemy_unrealEngine/BuildingEscape/Saved/Config/Windows/Scalability.ini]
[2021.01.02-09.12.57:546][  0]LogConfig: Setting CVar [[r.SkeletalMeshLODBias:0]]
[2021.01.02-09.12.57:546][  0]LogConfig: Setting CVar [[r.ViewDistanceScale:1.0]]
[2021.01.02-09.12.57:546][  0]LogConfig: Applying CVar settings from Section [AntiAliasingQuality@3] File [C:/programming/udemy_unrealEngine/BuildingEscape/Saved/Config/Windows/Scalability.ini]
[2021.01.02-09.12.57:546][  0]LogConfig: Setting CVar [[r.PostProcessAAQuality:4]]
[2021.01.02-09.12.57:546][  0]LogConfig: Applying CVar settings from Section [ShadowQuality@3] File [C:/programming/udemy_unrealEngine/BuildingEscape/Saved/Config/Windows/Scalability.ini]
[2021.01.02-09.12.57:546][  0]LogConfig: Setting CVar [[r.LightFunctionQuality:1]]
[2021.01.02-09.12.57:546][  0]LogConfig: Setting CVar [[r.ShadowQuality:5]]
[2021.01.02-09.12.57:546][  0]LogConfig: Setting CVar [[r.Shadow.CSM.MaxCascades:10]]
[2021.01.02-09.12.57:546][  0]LogConfig: Setting CVar [[r.Shadow.MaxResolution:2048]]
[2021.01.02-09.12.57:546][  0]LogConfig: Setting CVar [[r.Shadow.MaxCSMResolution:2048]]
[2021.01.02-09.12.57:546][  0]LogConfig: Setting CVar [[r.Shadow.RadiusThreshold:0.01]]
[2021.01.02-09.12.57:546][  0]LogConfig: Setting CVar [[r.Shadow.DistanceScale:1.0]]
[2021.01.02-09.12.57:546][  0]LogConfig: Setting CVar [[r.Shadow.CSM.TransitionScale:1.0]]
[2021.01.02-09.12.57:546][  0]LogConfig: Setting CVar [[r.Shadow.PreShadowResolutionFactor:1.0]]
[2021.01.02-09.12.57:546][  0]LogConfig: Setting CVar [[r.DistanceFieldShadowing:1]]
[2021.01.02-09.12.57:546][  0]LogConfig: Setting CVar [[r.DistanceFieldAO:1]]
[2021.01.02-09.12.57:546][  0]LogConfig: Setting CVar [[r.AOQuality:2]]
[2021.01.02-09.12.57:546][  0]LogConfig: Setting CVar [[r.VolumetricFog:1]]
[2021.01.02-09.12.57:546][  0]LogConfig: Setting CVar [[r.VolumetricFog.GridPixelSize:8]]
[2021.01.02-09.12.57:546][  0]LogConfig: Setting CVar [[r.VolumetricFog.GridSizeZ:128]]
[2021.01.02-09.12.57:546][  0]LogConfig: Setting CVar [[r.VolumetricFog.HistoryMissSupersampleCount:4]]
[2021.01.02-09.12.57:546][  0]LogConfig: Setting CVar [[r.LightMaxDrawDistanceScale:1]]
[2021.01.02-09.12.57:546][  0]LogConfig: Setting CVar [[r.CapsuleShadows:1]]
[2021.01.02-09.12.57:546][  0]LogConfig: Applying CVar settings from Section [PostProcessQuality@3] File [C:/programming/udemy_unrealEngine/BuildingEscape/Saved/Config/Windows/Scalability.ini]
[2021.01.02-09.12.57:546][  0]LogConfig: Setting CVar [[r.MotionBlurQuality:4]]
[2021.01.02-09.12.57:546][  0]LogConfig: Setting CVar [[r.AmbientOcclusionMipLevelFactor:0.4]]
[2021.01.02-09.12.57:546][  0]LogConfig: Setting CVar [[r.AmbientOcclusionMaxQuality:100]]
[2021.01.02-09.12.57:546][  0]LogConfig: Setting CVar [[r.AmbientOcclusionLevels:-1]]
[2021.01.02-09.12.57:546][  0]LogConfig: Setting CVar [[r.AmbientOcclusionRadiusScale:1.0]]
[2021.01.02-09.12.57:546][  0]LogConfig: Setting CVar [[r.DepthOfFieldQuality:2]]
[2021.01.02-09.12.57:546][  0]LogConfig: Setting CVar [[r.RenderTargetPoolMin:400]]
[2021.01.02-09.12.57:547][  0]LogConfig: Setting CVar [[r.LensFlareQuality:2]]
[2021.01.02-09.12.57:547][  0]LogConfig: Setting CVar [[r.SceneColorFringeQuality:1]]
[2021.01.02-09.12.57:547][  0]LogConfig: Setting CVar [[r.EyeAdaptationQuality:2]]
[2021.01.02-09.12.57:547][  0]LogConfig: Setting CVar [[r.BloomQuality:5]]
[2021.01.02-09.12.57:547][  0]LogConfig: Setting CVar [[r.FastBlurThreshold:100]]
[2021.01.02-09.12.57:547][  0]LogConfig: Setting CVar [[r.Upscale.Quality:3]]
[2021.01.02-09.12.57:547][  0]LogConfig: Setting CVar [[r.Tonemapper.GrainQuantization:1]]
[2021.01.02-09.12.57:547][  0]LogConfig: Setting CVar [[r.LightShaftQuality:1]]
[2021.01.02-09.12.57:547][  0]LogConfig: Setting CVar [[r.Filter.SizeScale:1]]
[2021.01.02-09.12.57:547][  0]LogConfig: Setting CVar [[r.Tonemapper.Quality:5]]
[2021.01.02-09.12.57:547][  0]LogConfig: Setting CVar [[r.DOF.Gather.AccumulatorQuality:1        ; higher gathering accumulator quality]]
[2021.01.02-09.12.57:547][  0]LogConfig: Setting CVar [[r.DOF.Gather.PostfilterMethod:1          ; Median3x3 postfilering method]]
[2021.01.02-09.12.57:547][  0]LogConfig: Setting CVar [[r.DOF.Gather.EnableBokehSettings:0       ; no bokeh simulation when gathering]]
[2021.01.02-09.12.57:547][  0]LogConfig: Setting CVar [[r.DOF.Gather.RingCount:4                 ; medium number of samples when gathering]]
[2021.01.02-09.12.57:547][  0]LogConfig: Setting CVar [[r.DOF.Scatter.ForegroundCompositing:1    ; additive foreground scattering]]
[2021.01.02-09.12.57:547][  0]LogConfig: Setting CVar [[r.DOF.Scatter.BackgroundCompositing:2    ; additive background scattering]]
[2021.01.02-09.12.57:547][  0]LogConfig: Setting CVar [[r.DOF.Scatter.EnableBokehSettings:1      ; bokeh simulation when scattering]]
[2021.01.02-09.12.57:547][  0]LogConfig: Setting CVar [[r.DOF.Scatter.MaxSpriteRatio:0.1         ; only a maximum of 10% of scattered bokeh]]
[2021.01.02-09.12.57:547][  0]LogConfig: Setting CVar [[r.DOF.Recombine.Quality:1                ; cheap slight out of focus]]
[2021.01.02-09.12.57:547][  0]LogConfig: Setting CVar [[r.DOF.Recombine.EnableBokehSettings:0    ; no bokeh simulation on slight out of focus]]
[2021.01.02-09.12.57:547][  0]LogConfig: Setting CVar [[r.DOF.TemporalAAQuality:1                ; more stable temporal accumulation]]
[2021.01.02-09.12.57:547][  0]LogConfig: Setting CVar [[r.DOF.Kernel.MaxForegroundRadius:0.025]]
[2021.01.02-09.12.57:547][  0]LogConfig: Setting CVar [[r.DOF.Kernel.MaxBackgroundRadius:0.025]]
[2021.01.02-09.12.57:547][  0]LogConfig: Applying CVar settings from Section [TextureQuality@3] File [C:/programming/udemy_unrealEngine/BuildingEscape/Saved/Config/Windows/Scalability.ini]
[2021.01.02-09.12.57:547][  0]LogConfig: Setting CVar [[r.Streaming.MipBias:0]]
[2021.01.02-09.12.57:547][  0]LogConfig: Setting CVar [[r.Streaming.AmortizeCPUToGPUCopy:0]]
[2021.01.02-09.12.57:547][  0]LogConfig: Setting CVar [[r.Streaming.MaxNumTexturesToStreamPerFrame:0]]
[2021.01.02-09.12.57:547][  0]LogConfig: Setting CVar [[r.Streaming.Boost:1]]
[2021.01.02-09.12.57:547][  0]LogConfig: Setting CVar [[r.MaxAnisotropy:8]]
[2021.01.02-09.12.57:547][  0]LogConfig: Setting CVar [[r.Streaming.LimitPoolSizeToVRAM:0]]
[2021.01.02-09.12.57:547][  0]LogConfig: Setting CVar [[r.Streaming.PoolSize:1000]]
[2021.01.02-09.12.57:547][  0]LogConfig: Setting CVar [[r.Streaming.MaxEffectiveScreenSize:0]]
[2021.01.02-09.12.57:547][  0]LogConfig: Applying CVar settings from Section [EffectsQuality@3] File [C:/programming/udemy_unrealEngine/BuildingEscape/Saved/Config/Windows/Scalability.ini]
[2021.01.02-09.12.57:547][  0]LogConfig: Setting CVar [[r.TranslucencyLightingVolumeDim:64]]
[2021.01.02-09.12.57:547][  0]LogConfig: Setting CVar [[r.RefractionQuality:2]]
[2021.01.02-09.12.57:547][  0]LogConfig: Setting CVar [[r.SSR.Quality:3]]
[2021.01.02-09.12.57:547][  0]LogConfig: Setting CVar [[r.SceneColorFormat:4]]
[2021.01.02-09.12.57:547][  0]LogConfig: Setting CVar [[r.DetailMode:2]]
[2021.01.02-09.12.57:547][  0]LogConfig: Setting CVar [[r.TranslucencyVolumeBlur:1]]
[2021.01.02-09.12.57:547][  0]LogConfig: Setting CVar [[r.MaterialQualityLevel:1 ; High quality]]
[2021.01.02-09.12.57:547][  0]LogConfig: Setting CVar [[r.SSS.Scale:1]]
[2021.01.02-09.12.57:547][  0]LogConfig: Setting CVar [[r.SSS.SampleSet:2]]
[2021.01.02-09.12.57:547][  0]LogConfig: Setting CVar [[r.SSS.Quality:1]]
[2021.01.02-09.12.57:547][  0]LogConfig: Setting CVar [[r.SSS.HalfRes:1]]
[2021.01.02-09.12.57:547][  0]LogConfig: Setting CVar [[r.EmitterSpawnRateScale:1.0]]
[2021.01.02-09.12.57:547][  0]LogConfig: Setting CVar [[r.ParticleLightQuality:2]]
[2021.01.02-09.12.57:548][  0]LogConfig: Applying CVar settings from Section [FoliageQuality@3] File [C:/programming/udemy_unrealEngine/BuildingEscape/Saved/Config/Windows/Scalability.ini]
[2021.01.02-09.12.57:548][  0]LogConfig: Setting CVar [[foliage.DensityScale:1.0]]
[2021.01.02-09.12.57:548][  0]LogConfig: Setting CVar [[grass.DensityScale:1.0]]
[2021.01.02-09.12.57:549][  0]LogInit: Selected Device Profile: [Windows]
[2021.01.02-09.12.57:549][  0]LogInit: Applying CVar settings loaded from the selected device profile: [Windows]
[2021.01.02-09.12.57:587][  0]LogHAL: Display: Platform has ~ 16 GB [17040236544 / 17179869184 / 16], which maps to Larger [LargestMinGB=32, LargerMinGB=12, DefaultMinGB=8, SmallerMinGB=6, SmallestMinGB=0)
[2021.01.02-09.12.57:587][  0]LogConfig: Setting CVar [[r.Vulkan.UseRealUBs:0		; Required until we fix HLR fall-out]]
[2021.01.02-09.12.57:587][  0]LogInit: Going up to parent DeviceProfile []
[2021.01.02-09.12.57:588][  0]LogConfig: Applying CVar settings from Section [ViewDistanceQuality@3] File [C:/programming/udemy_unrealEngine/BuildingEscape/Saved/Config/Windows/Scalability.ini]
[2021.01.02-09.12.57:588][  0]LogConfig: Setting CVar [[r.SkeletalMeshLODBias:0]]
[2021.01.02-09.12.57:588][  0]LogConfig: Setting CVar [[r.ViewDistanceScale:1.0]]
[2021.01.02-09.12.57:588][  0]LogConfig: Applying CVar settings from Section [AntiAliasingQuality@3] File [C:/programming/udemy_unrealEngine/BuildingEscape/Saved/Config/Windows/Scalability.ini]
[2021.01.02-09.12.57:588][  0]LogConfig: Setting CVar [[r.PostProcessAAQuality:4]]
[2021.01.02-09.12.57:588][  0]LogConfig: Applying CVar settings from Section [ShadowQuality@3] File [C:/programming/udemy_unrealEngine/BuildingEscape/Saved/Config/Windows/Scalability.ini]
[2021.01.02-09.12.57:588][  0]LogConfig: Setting CVar [[r.LightFunctionQuality:1]]
[2021.01.02-09.12.57:588][  0]LogConfig: Setting CVar [[r.ShadowQuality:5]]
[2021.01.02-09.12.57:588][  0]LogConfig: Setting CVar [[r.Shadow.CSM.MaxCascades:10]]
[2021.01.02-09.12.57:588][  0]LogConfig: Setting CVar [[r.Shadow.MaxResolution:2048]]
[2021.01.02-09.12.57:588][  0]LogConfig: Setting CVar [[r.Shadow.MaxCSMResolution:2048]]
[2021.01.02-09.12.57:588][  0]LogConfig: Setting CVar [[r.Shadow.RadiusThreshold:0.01]]
[2021.01.02-09.12.57:588][  0]LogConfig: Setting CVar [[r.Shadow.DistanceScale:1.0]]
[2021.01.02-09.12.57:588][  0]LogConfig: Setting CVar [[r.Shadow.CSM.TransitionScale:1.0]]
[2021.01.02-09.12.57:588][  0]LogConfig: Setting CVar [[r.Shadow.PreShadowResolutionFactor:1.0]]
[2021.01.02-09.12.57:589][  0]LogConfig: Setting CVar [[r.DistanceFieldShadowing:1]]
[2021.01.02-09.12.57:589][  0]LogConfig: Setting CVar [[r.DistanceFieldAO:1]]
[2021.01.02-09.12.57:589][  0]LogConfig: Setting CVar [[r.AOQuality:2]]
[2021.01.02-09.12.57:589][  0]LogConfig: Setting CVar [[r.VolumetricFog:1]]
[2021.01.02-09.12.57:589][  0]LogConfig: Setting CVar [[r.VolumetricFog.GridPixelSize:8]]
[2021.01.02-09.12.57:589][  0]LogConfig: Setting CVar [[r.VolumetricFog.GridSizeZ:128]]
[2021.01.02-09.12.57:589][  0]LogConfig: Setting CVar [[r.VolumetricFog.HistoryMissSupersampleCount:4]]
[2021.01.02-09.12.57:589][  0]LogConfig: Setting CVar [[r.LightMaxDrawDistanceScale:1]]
[2021.01.02-09.12.57:589][  0]LogConfig: Setting CVar [[r.CapsuleShadows:1]]
[2021.01.02-09.12.57:589][  0]LogConfig: Applying CVar settings from Section [PostProcessQuality@3] File [C:/programming/udemy_unrealEngine/BuildingEscape/Saved/Config/Windows/Scalability.ini]
[2021.01.02-09.12.57:589][  0]LogConfig: Setting CVar [[r.MotionBlurQuality:4]]
[2021.01.02-09.12.57:589][  0]LogConfig: Setting CVar [[r.AmbientOcclusionMipLevelFactor:0.4]]
[2021.01.02-09.12.57:589][  0]LogConfig: Setting CVar [[r.AmbientOcclusionMaxQuality:100]]
[2021.01.02-09.12.57:589][  0]LogConfig: Setting CVar [[r.AmbientOcclusionLevels:-1]]
[2021.01.02-09.12.57:589][  0]LogConfig: Setting CVar [[r.AmbientOcclusionRadiusScale:1.0]]
[2021.01.02-09.12.57:589][  0]LogConfig: Setting CVar [[r.DepthOfFieldQuality:2]]
[2021.01.02-09.12.57:589][  0]LogConfig: Setting CVar [[r.RenderTargetPoolMin:400]]
[2021.01.02-09.12.57:589][  0]LogConfig: Setting CVar [[r.LensFlareQuality:2]]
[2021.01.02-09.12.57:589][  0]LogConfig: Setting CVar [[r.SceneColorFringeQuality:1]]
[2021.01.02-09.12.57:589][  0]LogConfig: Setting CVar [[r.EyeAdaptationQuality:2]]
[2021.01.02-09.12.57:589][  0]LogConfig: Setting CVar [[r.BloomQuality:5]]
[2021.01.02-09.12.57:589][  0]LogConfig: Setting CVar [[r.FastBlurThreshold:100]]
[2021.01.02-09.12.57:589][  0]LogConfig: Setting CVar [[r.Upscale.Quality:3]]
[2021.01.02-09.12.57:589][  0]LogConfig: Setting CVar [[r.Tonemapper.GrainQuantization:1]]
[2021.01.02-09.12.57:589][  0]LogConfig: Setting CVar [[r.LightShaftQuality:1]]
[2021.01.02-09.12.57:589][  0]LogConfig: Setting CVar [[r.Filter.SizeScale:1]]
[2021.01.02-09.12.57:589][  0]LogConfig: Setting CVar [[r.Tonemapper.Quality:5]]
[2021.01.02-09.12.57:589][  0]LogConfig: Setting CVar [[r.DOF.Gather.AccumulatorQuality:1        ; higher gathering accumulator quality]]
[2021.01.02-09.12.57:589][  0]LogConfig: Setting CVar [[r.DOF.Gather.PostfilterMethod:1          ; Median3x3 postfilering method]]
[2021.01.02-09.12.57:589][  0]LogConfig: Setting CVar [[r.DOF.Gather.EnableBokehSettings:0       ; no bokeh simulation when gathering]]
[2021.01.02-09.12.57:589][  0]LogConfig: Setting CVar [[r.DOF.Gather.RingCount:4                 ; medium number of samples when gathering]]
[2021.01.02-09.12.57:589][  0]LogConfig: Setting CVar [[r.DOF.Scatter.ForegroundCompositing:1    ; additive foreground scattering]]
[2021.01.02-09.12.57:589][  0]LogConfig: Setting CVar [[r.DOF.Scatter.BackgroundCompositing:2    ; additive background scattering]]
[2021.01.02-09.12.57:589][  0]LogConfig: Setting CVar [[r.DOF.Scatter.EnableBokehSettings:1      ; bokeh simulation when scattering]]
[2021.01.02-09.12.57:589][  0]LogConfig: Setting CVar [[r.DOF.Scatter.MaxSpriteRatio:0.1         ; only a maximum of 10% of scattered bokeh]]
[2021.01.02-09.12.57:589][  0]LogConfig: Setting CVar [[r.DOF.Recombine.Quality:1                ; cheap slight out of focus]]
[2021.01.02-09.12.57:589][  0]LogConfig: Setting CVar [[r.DOF.Recombine.EnableBokehSettings:0    ; no bokeh simulation on slight out of focus]]
[2021.01.02-09.12.57:589][  0]LogConfig: Setting CVar [[r.DOF.TemporalAAQuality:1                ; more stable temporal accumulation]]
[2021.01.02-09.12.57:589][  0]LogConfig: Setting CVar [[r.DOF.Kernel.MaxForegroundRadius:0.025]]
[2021.01.02-09.12.57:589][  0]LogConfig: Setting CVar [[r.DOF.Kernel.MaxBackgroundRadius:0.025]]
[2021.01.02-09.12.57:589][  0]LogConfig: Applying CVar settings from Section [TextureQuality@3] File [C:/programming/udemy_unrealEngine/BuildingEscape/Saved/Config/Windows/Scalability.ini]
[2021.01.02-09.12.57:589][  0]LogConfig: Setting CVar [[r.Streaming.MipBias:0]]
[2021.01.02-09.12.57:589][  0]LogConfig: Setting CVar [[r.Streaming.AmortizeCPUToGPUCopy:0]]
[2021.01.02-09.12.57:589][  0]LogConfig: Setting CVar [[r.Streaming.MaxNumTexturesToStreamPerFrame:0]]
[2021.01.02-09.12.57:589][  0]LogConfig: Setting CVar [[r.Streaming.Boost:1]]
[2021.01.02-09.12.57:589][  0]LogConfig: Setting CVar [[r.MaxAnisotropy:8]]
[2021.01.02-09.12.57:589][  0]LogConfig: Setting CVar [[r.Streaming.LimitPoolSizeToVRAM:0]]
[2021.01.02-09.12.57:589][  0]LogConfig: Setting CVar [[r.Streaming.PoolSize:1000]]
[2021.01.02-09.12.57:589][  0]LogConfig: Setting CVar [[r.Streaming.MaxEffectiveScreenSize:0]]
[2021.01.02-09.12.57:589][  0]LogConfig: Applying CVar settings from Section [EffectsQuality@3] File [C:/programming/udemy_unrealEngine/BuildingEscape/Saved/Config/Windows/Scalability.ini]
[2021.01.02-09.12.57:589][  0]LogConfig: Setting CVar [[r.TranslucencyLightingVolumeDim:64]]
[2021.01.02-09.12.57:589][  0]LogConfig: Setting CVar [[r.RefractionQuality:2]]
[2021.01.02-09.12.57:589][  0]LogConfig: Setting CVar [[r.SSR.Quality:3]]
[2021.01.02-09.12.57:589][  0]LogConfig: Setting CVar [[r.SceneColorFormat:4]]
[2021.01.02-09.12.57:589][  0]LogConfig: Setting CVar [[r.DetailMode:2]]
[2021.01.02-09.12.57:589][  0]LogConfig: Setting CVar [[r.TranslucencyVolumeBlur:1]]
[2021.01.02-09.12.57:589][  0]LogConfig: Setting CVar [[r.MaterialQualityLevel:1 ; High quality]]
[2021.01.02-09.12.57:590][  0]LogConfig: Setting CVar [[r.SSS.Scale:1]]
[2021.01.02-09.12.57:590][  0]LogConfig: Setting CVar [[r.SSS.SampleSet:2]]
[2021.01.02-09.12.57:590][  0]LogConfig: Setting CVar [[r.SSS.Quality:1]]
[2021.01.02-09.12.57:590][  0]LogConfig: Setting CVar [[r.SSS.HalfRes:1]]
[2021.01.02-09.12.57:590][  0]LogConfig: Setting CVar [[r.EmitterSpawnRateScale:1.0]]
[2021.01.02-09.12.57:590][  0]LogConfig: Setting CVar [[r.ParticleLightQuality:2]]
[2021.01.02-09.12.57:590][  0]LogConfig: Applying CVar settings from Section [FoliageQuality@3] File [C:/programming/udemy_unrealEngine/BuildingEscape/Saved/Config/Windows/Scalability.ini]
[2021.01.02-09.12.57:590][  0]LogConfig: Setting CVar [[foliage.DensityScale:1.0]]
[2021.01.02-09.12.57:590][  0]LogConfig: Setting CVar [[grass.DensityScale:1.0]]
[2021.01.02-09.12.57:590][  0]LogConfig: Applying CVar settings from Section [Startup] File [../../../Engine/Config/ConsoleVariables.ini]
[2021.01.02-09.12.57:599][  0]LogConfig: Setting CVar [[net.UseAdaptiveNetUpdateFrequency:0]]
[2021.01.02-09.12.57:599][  0]LogConfig: Setting CVar [[p.chaos.AllowCreatePhysxBodies:1]]
[2021.01.02-09.12.57:599][  0]LogConfig: Applying CVar settings from Section [ConsoleVariables] File [C:/programming/udemy_unrealEngine/BuildingEscape/Saved/Config/Windows/Engine.ini]
[2021.01.02-09.12.57:599][  0]LogInit: Computer: DESKTOP-20QOTAL
[2021.01.02-09.12.57:600][  0]LogInit: User: spg00
[2021.01.02-09.12.57:600][  0]LogInit: CPU Page size=4096, Cores=4
[2021.01.02-09.12.57:600][  0]LogInit: High frequency timer resolution =10.000000 MHz
[2021.01.02-09.12.57:600][  0]LogMemory: Memory total: Physical=15.9GB (16GB approx)
[2021.01.02-09.12.57:600][  0]LogMemory: Platform Memory Stats for Windows
[2021.01.02-09.12.57:600][  0]LogMemory: Process Physical Memory: 100.44 MB used, 100.44 MB peak
[2021.01.02-09.12.57:600][  0]LogMemory: Process Virtual Memory: 83.77 MB used, 83.77 MB peak
[2021.01.02-09.12.57:600][  0]LogMemory: Physical Memory: 9877.71 MB used,  6373.13 MB free, 16250.84 MB total
[2021.01.02-09.12.57:600][  0]LogMemory: Virtual Memory: 4625.93 MB used,  134213104.00 MB free, 134217728.00 MB total
[2021.01.02-09.12.57:931][  0]LogInit: Using OS detected language (en-US).
[2021.01.02-09.12.57:931][  0]LogInit: Using OS detected locale (en-US).
[2021.01.02-09.12.57:935][  0]LogTextLocalizationManager: No specific localization for 'en-US' exists, so the 'en' localization will be used.
[2021.01.02-09.12.58:404][  0]LogInit: Setting process to per monitor DPI aware
[2021.01.02-09.12.58:542][  0]LogSlate: New Slate User Created.  User Index 0, Is Virtual User: 0
[2021.01.02-09.12.58:542][  0]LogSlate: Slate User Registered.  User Index 0, Is Virtual User: 0
[2021.01.02-09.13.02:346][  0]LogHMD: Failed to initialize OpenVR with code 110
[2021.01.02-09.13.02:346][  0]LogD3D11RHI: D3D11 adapters:
[2021.01.02-09.13.02:459][  0]LogD3D11RHI:    0. 'NVIDIA GeForce GTX 960M' (Feature Level 11_0)
[2021.01.02-09.13.02:459][  0]LogD3D11RHI:       4055/0/8125 MB DedicatedVideo/DedicatedSystem/SharedSystem, Outputs:1, VendorId:0x10de
[2021.01.02-09.13.02:502][  0]LogD3D11RHI:    1. 'Intel(R) HD Graphics 530' (Feature Level 11_0)
[2021.01.02-09.13.02:502][  0]LogD3D11RHI:       128/0/8125 MB DedicatedVideo/DedicatedSystem/SharedSystem, Outputs:0, VendorId:0x8086
[2021.01.02-09.13.02:511][  0]LogD3D11RHI:    2. 'Microsoft Basic Render Driver' (Feature Level 11_0)
[2021.01.02-09.13.02:511][  0]LogD3D11RHI:       0/0/8125 MB DedicatedVideo/DedicatedSystem/SharedSystem, Outputs:0, VendorId:0x1414
[2021.01.02-09.13.02:511][  0]LogD3D11RHI: Chosen D3D11 Adapter: 0
[2021.01.02-09.13.02:579][  0]LogD3D11RHI: Creating new Direct3DDevice
[2021.01.02-09.13.02:580][  0]LogD3D11RHI:     GPU DeviceId: 0x139b (for the marketing name, search the web for "GPU Device Id")
[2021.01.02-09.13.02:580][  0]LogWindows: EnumDisplayDevices:
[2021.01.02-09.13.02:580][  0]LogWindows:    0. 'Intel(R) HD Graphics 530' (P:1 D:1)
[2021.01.02-09.13.02:581][  0]LogWindows:    1. 'Intel(R) HD Graphics 530' (P:0 D:0)
[2021.01.02-09.13.02:581][  0]LogWindows:    2. 'Intel(R) HD Graphics 530' (P:0 D:0)
[2021.01.02-09.13.02:581][  0]LogWindows: DebugString: PrimaryIsNotTheChoosenAdapter PrimaryIsNotTheChoosenAdapter PrimaryIsNotTheChoosenAdapter FoundDriverCount:0 
[2021.01.02-09.13.02:581][  0]LogD3D11RHI:     Adapter Name: NVIDIA GeForce GTX 960M
[2021.01.02-09.13.02:581][  0]LogD3D11RHI:   Driver Version: Unknown (internal:Unknown, unified:Unknown)
[2021.01.02-09.13.02:581][  0]LogD3D11RHI:      Driver Date: Unknown
[2021.01.02-09.13.02:581][  0]LogRHI: Texture pool is 2839 MB (70% of 4055 MB)
[2021.01.02-09.13.02:653][  0]LogD3D11RHI: Async texture creation enabled
[2021.01.02-09.13.02:668][  0]LogRendererCore: FGlobalReadBuffer::InitRHI
[2021.01.02-09.13.02:669][  0]LogRendererCore: FGlobalReadBuffer::InitRHI
[2021.01.02-09.13.02:669][  0]LogRendererCore: FGlobalReadBuffer::InitRHI
[2021.01.02-09.13.02:688][  0]LogD3D11RHI: GPU Timing Frequency: 1000.000000 (Debug: 2 2)
[2021.01.02-09.13.03:196][  0]LogTemp: Display: Module 'AllDesktopTargetPlatform' loaded TargetPlatform 'AllDesktop'
[2021.01.02-09.13.03:214][  0]LogTemp: Display: Module 'MacClientTargetPlatform' loaded TargetPlatform 'MacClient'
[2021.01.02-09.13.03:233][  0]LogTemp: Display: Module 'MacNoEditorTargetPlatform' loaded TargetPlatform 'MacNoEditor'
[2021.01.02-09.13.03:251][  0]LogTemp: Display: Module 'MacServerTargetPlatform' loaded TargetPlatform 'MacServer'
[2021.01.02-09.13.03:278][  0]LogTemp: Display: Module 'MacTargetPlatform' loaded TargetPlatform 'Mac'
[2021.01.02-09.13.03:298][  0]LogTemp: Display: Module 'WindowsClientTargetPlatform' loaded TargetPlatform 'WindowsClient'
[2021.01.02-09.13.03:319][  0]LogTemp: Display: Module 'WindowsNoEditorTargetPlatform' loaded TargetPlatform 'WindowsNoEditor'
[2021.01.02-09.13.03:338][  0]LogTemp: Display: Module 'WindowsServerTargetPlatform' loaded TargetPlatform 'WindowsServer'
[2021.01.02-09.13.03:350][  0]LogTemp: Display: Module 'WindowsTargetPlatform' loaded TargetPlatform 'Windows'
[2021.01.02-09.13.03:478][  0]LogTemp: Display: Module 'AndroidTargetPlatform' loaded TargetPlatform 'Android'
[2021.01.02-09.13.03:478][  0]LogTemp: Display: Module 'AndroidTargetPlatform' loaded TargetPlatform 'Android_ASTC'
[2021.01.02-09.13.03:478][  0]LogTemp: Display: Module 'AndroidTargetPlatform' loaded TargetPlatform 'Android_ATC'
[2021.01.02-09.13.03:478][  0]LogTemp: Display: Module 'AndroidTargetPlatform' loaded TargetPlatform 'Android_DXT'
[2021.01.02-09.13.03:478][  0]LogTemp: Display: Module 'AndroidTargetPlatform' loaded TargetPlatform 'Android_ETC1'
[2021.01.02-09.13.03:478][  0]LogTemp: Display: Module 'AndroidTargetPlatform' loaded TargetPlatform 'Android_ETC1a'
[2021.01.02-09.13.03:478][  0]LogTemp: Display: Module 'AndroidTargetPlatform' loaded TargetPlatform 'Android_ETC2'
[2021.01.02-09.13.03:478][  0]LogTemp: Display: Module 'AndroidTargetPlatform' loaded TargetPlatform 'Android_PVRTC'
[2021.01.02-09.13.03:478][  0]LogTemp: Display: Module 'AndroidTargetPlatform' loaded TargetPlatform 'AndroidClient'
[2021.01.02-09.13.03:478][  0]LogTemp: Display: Module 'AndroidTargetPlatform' loaded TargetPlatform 'Android_ASTCClient'
[2021.01.02-09.13.03:478][  0]LogTemp: Display: Module 'AndroidTargetPlatform' loaded TargetPlatform 'Android_ATCClient'
[2021.01.02-09.13.03:478][  0]LogTemp: Display: Module 'AndroidTargetPlatform' loaded TargetPlatform 'Android_DXTClient'
[2021.01.02-09.13.03:478][  0]LogTemp: Display: Module 'AndroidTargetPlatform' loaded TargetPlatform 'Android_ETC1Client'
[2021.01.02-09.13.03:478][  0]LogTemp: Display: Module 'AndroidTargetPlatform' loaded TargetPlatform 'Android_ETC1aClient'
[2021.01.02-09.13.03:478][  0]LogTemp: Display: Module 'AndroidTargetPlatform' loaded TargetPlatform 'Android_ETC2Client'
[2021.01.02-09.13.03:478][  0]LogTemp: Display: Module 'AndroidTargetPlatform' loaded TargetPlatform 'Android_PVRTCClient'
[2021.01.02-09.13.03:478][  0]LogTemp: Display: Module 'AndroidTargetPlatform' loaded TargetPlatform 'Android_Multi'
[2021.01.02-09.13.03:478][  0]LogTemp: Display: Module 'AndroidTargetPlatform' loaded TargetPlatform 'Android_MultiClient'
[2021.01.02-09.13.03:488][  0]LogTemp: Display: Module 'HTML5TargetPlatform' loaded TargetPlatform 'HTML5'
[2021.01.02-09.13.03:571][  0]LogTemp: Display: Module 'IOSTargetPlatform' loaded TargetPlatform 'IOSClient'
[2021.01.02-09.13.03:571][  0]LogTemp: Display: Module 'IOSTargetPlatform' loaded TargetPlatform 'IOS'
[2021.01.02-09.13.03:603][  0]LogTemp: Display: Module 'TVOSTargetPlatform' loaded TargetPlatform 'TVOSClient'
[2021.01.02-09.13.03:603][  0]LogTemp: Display: Module 'TVOSTargetPlatform' loaded TargetPlatform 'TVOS'
[2021.01.02-09.13.03:622][  0]LogTemp: Display: Module 'LinuxClientTargetPlatform' loaded TargetPlatform 'LinuxClient'
[2021.01.02-09.13.03:642][  0]LogTemp: Display: Module 'LinuxNoEditorTargetPlatform' loaded TargetPlatform 'LinuxNoEditor'
[2021.01.02-09.13.03:661][  0]LogTemp: Display: Module 'LinuxServerTargetPlatform' loaded TargetPlatform 'LinuxServer'
[2021.01.02-09.13.03:694][  0]LogTemp: Display: Module 'LinuxTargetPlatform' loaded TargetPlatform 'Linux'
[2021.01.02-09.13.03:762][  0]LogTemp: Display: Module 'LuminTargetPlatform' loaded TargetPlatform 'Lumin'
[2021.01.02-09.13.03:762][  0]LogTemp: Display: Module 'LuminTargetPlatform' loaded TargetPlatform 'LuminClient'
[2021.01.02-09.13.03:762][  0]LogTargetPlatformManager: Display: Building Assets For Windows
[2021.01.02-09.13.03:833][  0]LogAudioDebug: Display: Lib vorbis DLL was dynamically loaded.
[2021.01.02-09.13.04:009][  0]LogShaderCompilers: Guid format shader working directory is -18 characters bigger than the processId version (../../../../../../programming/udemy_unrealEngine/BuildingEscape/Intermediate/Shaders/WorkingDirectory/13960/).
[2021.01.02-09.13.04:009][  0]LogShaderCompilers: Cleaned the shader compiler working directory 'C:/Users/spg00/AppData/Local/Temp/UnrealShaderWorkingDir/C2C52B45411752DBBB8671999D562DB4/'.
[2021.01.02-09.13.04:014][  0]LogXGEController: Cleaning working directory: C:/Users/spg00/AppData/Local/Temp/UnrealXGEWorkingDir/
[2021.01.02-09.13.04:015][  0]LogXGEController: Cannot use XGE Controller as Incredibuild is not installed on this machine.
[2021.01.02-09.13.04:015][  0]LogShaderCompilers: Cannot use XGE Shader Compiler as Incredibuild is not installed on this machine.
[2021.01.02-09.13.04:015][  0]LogShaderCompilers: Display: Using Local Shader Compiler.
[2021.01.02-09.13.07:592][  0]LogDerivedDataCache: Display: Max Cache Size: 512 MB
[2021.01.02-09.13.07:799][  0]LogDerivedDataCache: Loaded boot cache 0.21s 71MB C:/Users/spg00/AppData/Local/UnrealEngine/4.22/DerivedDataCache/Boot.ddc.
[2021.01.02-09.13.07:800][  0]LogDerivedDataCache: Display: Loaded Boot cache: C:/Users/spg00/AppData/Local/UnrealEngine/4.22/DerivedDataCache/Boot.ddc
[2021.01.02-09.13.07:801][  0]LogDerivedDataCache: FDerivedDataBackendGraph:  Pak pak cache file ../../../../../../programming/udemy_unrealEngine/BuildingEscape/DerivedDataCache/DDC.ddp not found, will not use a pak cache.
[2021.01.02-09.13.07:801][  0]LogDerivedDataCache: Unable to find inner node Pak for hierarchical cache Hierarchy.
[2021.01.02-09.13.07:801][  0]LogDerivedDataCache: FDerivedDataBackendGraph:  CompressedPak pak cache file ../../../../../../programming/udemy_unrealEngine/BuildingEscape/DerivedDataCache/Compressed.ddp not found, will not use a pak cache.
[2021.01.02-09.13.07:801][  0]LogDerivedDataCache: Unable to find inner node CompressedPak for hierarchical cache Hierarchy.
[2021.01.02-09.13.07:831][  0]LogDerivedDataCache: Display: Pak cache opened for reading ../../../Engine/DerivedDataCache/Compressed.ddp.
[2021.01.02-09.13.07:831][  0]LogDerivedDataCache: FDerivedDataBackendGraph:  EnterprisePak pak cache file ../../../Enterprise/DerivedDataCache/Compressed.ddp not found, will not use a pak cache.
[2021.01.02-09.13.07:831][  0]LogDerivedDataCache: Unable to find inner node EnterprisePak for hierarchical cache Hierarchy.
[2021.01.02-09.13.07:846][  0]LogDerivedDataCache: Using Local data cache path C:/Users/spg00/AppData/Local/UnrealEngine/Common/DerivedDataCache: Writable
[2021.01.02-09.13.07:846][  0]LogDerivedDataCache: Shared data cache path not found in *engine.ini, will not use an Shared cache.
[2021.01.02-09.13.07:846][  0]LogDerivedDataCache: Unable to find inner node Shared for hierarchical cache Hierarchy.
[2021.01.02-09.13.07:881][  0]LogMaterial: Verifying Global Shaders for PCD3D_SM5
[2021.01.02-09.13.07:891][  0]LogSlate: Using FreeType 2.6.0
[2021.01.02-09.13.07:920][  0]LogSlate: SlateFontServices - WITH_FREETYPE: 1, WITH_HARFBUZZ: 1
[2021.01.02-09.13.08:157][  0]LogAssetRegistry: FAssetRegistry took 0.0394 seconds to start up
[2021.01.02-09.13.08:857][  0]LogInit: Selected Device Profile: [Windows]
[2021.01.02-09.13.09:281][  0]LogMeshReduction: Using QuadricMeshReduction for automatic static mesh reduction
[2021.01.02-09.13.09:281][  0]LogMeshReduction: Using SimplygonMeshReduction for automatic skeletal mesh reduction
[2021.01.02-09.13.09:281][  0]LogMeshReduction: Using ProxyLODMeshReduction for automatic mesh merging
[2021.01.02-09.13.09:281][  0]LogMeshReduction: No distributed automatic mesh merging module available
[2021.01.02-09.13.09:281][  0]LogMeshMerging: No distributed automatic mesh merging module available
[2021.01.02-09.13.09:355][  0]LogNetVersion: BuildingEscape 1.0.0, NetCL: 5660361, EngineNetVer: 10, GameNetVer: 0 (Checksum: 1788021529)
[2021.01.02-09.13.11:085][  0]LogPackageLocalizationCache: Processed 10 localized package path(s) for 1 prioritized culture(s) in 0.072421 seconds
[2021.01.02-09.13.11:097][  0]LogUObjectArray: 42205 objects as part of root set at end of initial load.
[2021.01.02-09.13.11:097][  0]LogUObjectAllocator: 7325032 out of 0 bytes used by permanent object pool.
[2021.01.02-09.13.11:097][  0]LogUObjectArray: CloseDisregardForGC: 0/0 objects in disregard for GC pool
[2021.01.02-09.13.14:350][  0]LogTcpMessaging: Initializing TcpMessaging bridge
[2021.01.02-09.13.14:389][  0]LogUdpMessaging: Initializing bridge on interface 0.0.0.0:0 to multicast group 230.0.0.1:6666.
[2021.01.02-09.13.14:816][  0]SourceControl: Source control is disabled
[2021.01.02-09.13.14:816][  0]SourceControl: Source control is disabled
[2021.01.02-09.13.14:831][  0]SourceControl: Source control is disabled
[2021.01.02-09.13.14:838][  0]SourceControl: Source control is disabled
[2021.01.02-09.13.15:138][  0]LogAndroidPermission: UAndroidPermissionCallbackProxy::GetInstance
[2021.01.02-09.13.15:324][  0]LogOcInput: OculusInput pre-init called
[2021.01.02-09.13.16:434][  0]LogEngine: Initializing Engine...
[2021.01.02-09.13.16:437][  0]LogHMD: Failed to initialize OpenVR with code 110
[2021.01.02-09.13.16:439][  0]LogStats: UGameplayTagsManager::InitializeManager -  0.001 s
[2021.01.02-09.13.17:031][  0]LogInit: Initializing FReadOnlyCVARCache
[2021.01.02-09.13.17:094][  0]LogAIModule: Creating AISystem for world Untitled
[2021.01.02-09.13.17:130][  0]LogInit: XAudio2 using 'Speakers / Headphones (Realtek Audio)' : 2 channels at 48 kHz using 32 bits per sample (channel mask 0x3)
[2021.01.02-09.13.17:179][  0]LogInit: FAudioDevice initialized.
[2021.01.02-09.13.17:179][  0]LogNetVersion: Set ProjectVersion to 1.0.0.0. Version Checksum will be recalculated on next use.
[2021.01.02-09.13.17:260][  0]LogDerivedDataCache: Saved boot cache 0.08s 71MB C:/Users/spg00/AppData/Local/UnrealEngine/4.22/DerivedDataCache/Boot.ddc.
[2021.01.02-09.13.17:269][  0]LogInit: Texture streaming: Enabled
[2021.01.02-09.13.17:307][  0]LogEngineSessionManager: EngineSessionManager initialized
[2021.01.02-09.13.17:378][  0]LogInit: Transaction tracking system initialized
[2021.01.02-09.13.17:453][  0]BlueprintLog: New page: Editor Load
[2021.01.02-09.13.17:715][  0]LocalizationService: Localization service is disabled
[2021.01.02-09.13.18:692][  0]LogFileCache: Scanning file cache for directory 'C:/programming/udemy_unrealEngine/BuildingEscape/Content/' took 0.01s
[2021.01.02-09.13.18:692][  0]LogCook: Display: Max memory allowance for cook 16384mb min free memory 0mb
[2021.01.02-09.13.18:692][  0]LogCook: Display: Mobile HDR setting 1
[2021.01.02-09.13.19:290][  0]SourceControl: Source control is disabled
[2021.01.02-09.13.19:291][  0]Cmd: MAP LOAD FILE="../../../../../../programming/udemy_unrealEngine/BuildingEscape/Content/BuildingEscape.umap" TEMPLATE=0 SHOWPROGRESS=1 FEATURELEVEL=3
[2021.01.02-09.13.19:291][  0]LogEditorServer: Warning: Can't find file '../../../../../../programming/udemy_unrealEngine/BuildingEscape/Content/BuildingEscape.umap'
[2021.01.02-09.13.19:292][  0]Cmd: MAP CHECKDEP NOCLEARLOG
[2021.01.02-09.13.19:292][  0]MapCheck: Map check complete: 0 Error(s), 0 Warning(s), took 0.616ms to complete.
[2021.01.02-09.13.19:293][  0]LogFileHelpers: Loading map 'BuildingEscape' took 0.002
[2021.01.02-09.13.19:512][  0]LogSlate: Updating window title bar state: overlay mode, drag disabled, window buttons hidden, title bar hidden
[2021.01.02-09.13.19:524][  0]LogSlate: Updating window title bar state: overlay mode, drag disabled, window buttons hidden, title bar hidden
[2021.01.02-09.13.19:533][  0]LogSlate: Updating window title bar state: overlay mode, drag disabled, window buttons hidden, title bar hidden
[2021.01.02-09.13.19:544][  0]LogSlate: Updating window title bar state: overlay mode, drag disabled, window buttons hidden, title bar hidden
[2021.01.02-09.13.19:576][  0]LogCollectionManager: Loaded 0 collections in 0.002074 seconds
[2021.01.02-09.13.19:624][  0]LogFileCache: Scanning file cache for directory 'C:/programming/udemy_unrealEngine/BuildingEscape/Saved/Collections/' took 0.01s
[2021.01.02-09.13.19:624][  0]LogFileCache: Scanning file cache for directory 'C:/programming/udemy_unrealEngine/BuildingEscape/Content/Developers/spg00/Collections/' took 0.01s
[2021.01.02-09.13.19:624][  0]LogFileCache: Scanning file cache for directory 'C:/programming/udemy_unrealEngine/BuildingEscape/Content/Collections/' took 0.00s
[2021.01.02-09.13.19:624][  0]LogCollectionManager: Rebuilt the GUID cache for 0 collections in 0.000001 seconds
[2021.01.02-09.13.19:640][  0]LogContentBrowser: Native class hierarchy populated in 0.0140 seconds. Added 2735 classes and 661 folders.
[2021.01.02-09.13.19:656][  0]LogContentBrowser: Native class hierarchy updated for 'WidgetCarousel' in 0.0004 seconds. Added 0 classes and 0 folders.
[2021.01.02-09.13.19:663][  0]LogPakFile: Registered encryption key '00000000000000000000000000000000': 0 pak files mounted, 0 remain pending
[2021.01.02-09.13.19:676][  0]LogPakFile: Registered encryption key '00000000000000000000000000000000': 0 pak files mounted, 0 remain pending
[2021.01.02-09.13.19:699][  0]LogPakFile: Registered encryption key '00000000000000000000000000000000': 0 pak files mounted, 0 remain pending
[2021.01.02-09.13.19:709][  0]LogPakFile: Registered encryption key '00000000000000000000000000000000': 0 pak files mounted, 0 remain pending
[2021.01.02-09.13.19:718][  0]LogPakFile: Registered encryption key '00000000000000000000000000000000': 0 pak files mounted, 0 remain pending
[2021.01.02-09.13.19:726][  0]LogPakFile: Registered encryption key '00000000000000000000000000000000': 0 pak files mounted, 0 remain pending
[2021.01.02-09.13.19:734][  0]LogPakFile: Registered encryption key '00000000000000000000000000000000': 0 pak files mounted, 0 remain pending
[2021.01.02-09.13.19:744][  0]LogPakFile: Registered encryption key '00000000000000000000000000000000': 0 pak files mounted, 0 remain pending
[2021.01.02-09.13.19:754][  0]LogPakFile: Registered encryption key '00000000000000000000000000000000': 0 pak files mounted, 0 remain pending
[2021.01.02-09.13.19:763][  0]LogPakFile: Registered encryption key '00000000000000000000000000000000': 0 pak files mounted, 0 remain pending
[2021.01.02-09.13.19:773][  0]LogPakFile: Registered encryption key '00000000000000000000000000000000': 0 pak files mounted, 0 remain pending
[2021.01.02-09.13.19:780][  0]LogPakFile: Registered encryption key '00000000000000000000000000000000': 0 pak files mounted, 0 remain pending
[2021.01.02-09.13.19:790][  0]LogPakFile: Registered encryption key '00000000000000000000000000000000': 0 pak files mounted, 0 remain pending
[2021.01.02-09.13.19:798][  0]LogPakFile: Registered encryption key '00000000000000000000000000000000': 0 pak files mounted, 0 remain pending
[2021.01.02-09.13.19:808][  0]LogPakFile: Registered encryption key '00000000000000000000000000000000': 0 pak files mounted, 0 remain pending
[2021.01.02-09.13.19:816][  0]LogPakFile: Registered encryption key '00000000000000000000000000000000': 0 pak files mounted, 0 remain pending
[2021.01.02-09.13.19:854][  0]LogPakFile: Registered encryption key '00000000000000000000000000000000': 0 pak files mounted, 0 remain pending
[2021.01.02-09.13.19:868][  0]LogPakFile: Registered encryption key '00000000000000000000000000000000': 0 pak files mounted, 0 remain pending
[2021.01.02-09.13.19:880][  0]LogPakFile: Registered encryption key '00000000000000000000000000000000': 0 pak files mounted, 0 remain pending
[2021.01.02-09.13.19:891][  0]LogPakFile: Registered encryption key '00000000000000000000000000000000': 0 pak files mounted, 0 remain pending
[2021.01.02-09.13.19:905][  0]LogPakFile: Registered encryption key '00000000000000000000000000000000': 0 pak files mounted, 0 remain pending
[2021.01.02-09.13.19:914][  0]LogPakFile: Registered encryption key '00000000000000000000000000000000': 0 pak files mounted, 0 remain pending
[2021.01.02-09.13.19:925][  0]LogPakFile: Registered encryption key '00000000000000000000000000000000': 0 pak files mounted, 0 remain pending
[2021.01.02-09.13.19:938][  0]LogPakFile: Registered encryption key '00000000000000000000000000000000': 0 pak files mounted, 0 remain pending
[2021.01.02-09.13.19:951][  0]LogPakFile: Registered encryption key '00000000000000000000000000000000': 0 pak files mounted, 0 remain pending
[2021.01.02-09.13.19:961][  0]LogPakFile: Registered encryption key '00000000000000000000000000000000': 0 pak files mounted, 0 remain pending
[2021.01.02-09.13.20:319][  0]LogContentBrowser: Native class hierarchy updated for 'AddContentDialog' in 0.0004 seconds. Added 0 classes and 0 folders.
[2021.01.02-09.13.20:340][  0]LogContentBrowser: Native class hierarchy updated for 'SceneOutliner' in 0.0004 seconds. Added 1 classes and 2 folders.
[2021.01.02-09.13.20:422][  0]LogSlate: Took 0.010200 seconds to synchronously load lazily loaded font '../../../Engine/Content/Slate/Fonts/Roboto-Regular.ttf' (155K)
[2021.01.02-09.13.20:435][  0]LogSlate: Took 0.009332 seconds to synchronously load lazily loaded font '../../../Engine/Content/Slate/Fonts/Roboto-Bold.ttf' (160K)
[2021.01.02-09.13.20:451][  0]LogSlate: Took 0.009059 seconds to synchronously load lazily loaded font '../../../Engine/Content/Editor/Slate/Fonts/FontAwesome.ttf' (139K)
[2021.01.02-09.13.20:659][  0]LogRenderer: Reallocating scene render targets to support 1272x676 Format 10 NumSamples 1 (Frame:1).
[2021.01.02-09.13.21:010][  0]LogContentBrowser: Native class hierarchy updated for 'HierarchicalLODOutliner' in 0.0004 seconds. Added 0 classes and 0 folders.
[2021.01.02-09.13.21:010][  0]LogLoad: (Engine Initialization) Total time: 33.73 seconds
[2021.01.02-09.13.21:010][  0]LogLoad: (Engine Initialization) Total Blueprint compile time: 0.00 seconds
[2021.01.02-09.13.21:070][  0]LogAssetRegistry: Asset discovery search completed in 12.9363 seconds
[2021.01.02-09.13.21:074][  0]LogCollectionManager: Rebuilt the object cache for 0 collections in 0.000000 seconds (found 0 objects)
[2021.01.02-09.13.21:074][  0]LogCollectionManager: Fixed up redirectors for 0 collections in 0.000106 seconds (updated 0 objects)
[2021.01.02-09.13.21:079][  0]LogContentStreaming: Texture pool size now 1000 MB
[2021.01.02-09.13.21:148][  0]LogSlate: Took 0.012370 seconds to synchronously load lazily loaded font '../../../Engine/Content/Slate/Fonts/Roboto-Light.ttf' (167K)
[2021.01.02-09.13.31:870][ 33]LogSlate: FSceneViewport::OnFocusLost() reason 0
[2021.01.02-09.13.32:115][ 33]LogSlate: Took 0.000280 seconds to synchronously load lazily loaded font '../../../Engine/Content/Slate/Fonts/Roboto-Light.ttf' (167K)
[2021.01.02-09.13.32:640][ 33]LogAIModule: Creating AISystem for world BuildingEscape
[2021.01.02-09.13.32:667][ 33]LogAssetEditorManager: Opening Asset editor for World /Game/Levels/BuildingEscape.BuildingEscape
[2021.01.02-09.13.32:696][ 33]LogUObjectHash: Compacting FUObjectHashTables data took   2.25ms
[2021.01.02-09.13.32:697][ 33]Cmd: MAP LOAD FILE="../../../../../../programming/udemy_unrealEngine/BuildingEscape/Content/Levels/BuildingEscape.umap" TEMPLATE=0 SHOWPROGRESS=1 FEATURELEVEL=3
[2021.01.02-09.13.32:697][ 33]LightingResults: New page: Lighting Build
[2021.01.02-09.13.32:705][ 33]LogContentBrowser: Native class hierarchy updated for 'StatsViewer' in 0.0005 seconds. Added 5 classes and 0 folders.
[2021.01.02-09.13.32:706][ 33]LoadErrors: New page: Loading map: BuildingEscape.umap
[2021.01.02-09.13.32:707][ 33]MapCheck: New page: Map Check
[2021.01.02-09.13.32:707][ 33]LightingResults: New page: Lighting Build
[2021.01.02-09.13.32:735][ 33]LogUObjectHash: Compacting FUObjectHashTables data took   1.75ms
[2021.01.02-09.13.32:754][ 33]LogEditorServer: Finished looking for orphan Actors (0.000 secs)
[2021.01.02-09.13.32:785][ 33]LogUObjectHash: Compacting FUObjectHashTables data took   1.63ms
[2021.01.02-09.13.32:813][ 33]Cmd: MAP CHECKDEP NOCLEARLOG
[2021.01.02-09.13.32:814][ 33]MapCheck: Map check complete: 0 Error(s), 0 Warning(s), took 0.19ms to complete.
[2021.01.02-09.13.32:814][ 33]LogFileHelpers: Loading map 'BuildingEscape' took 0.118
[2021.01.02-09.13.48:282][705]LogSlate: FSceneViewport::OnFocusLost() reason 2
[2021.01.02-09.17.15:629][597]LogSlate: FSceneViewport::OnFocusLost() reason 0
[2021.01.02-09.17.15:755][603]Candidate modules for hot reload:
[2021.01.02-09.17.15:755][603]  BuildingEscape
[2021.01.02-09.17.15:756][603]Launching UnrealBuildTool... [C:/Program Files/Epic Games/UE_4.22/Engine/Binaries/DotNET/UnrealBuildTool.exe  -ModuleWithSuffix=BuildingEscape,7378 Win64 Development -TargetType=Editor -Project="C:/programming/udemy_unrealEngine/BuildingEscape/BuildingEscape.uproject" "C:/programming/udemy_unrealEngine/BuildingEscape/BuildingEscape.uproject"  -IgnoreJunk]
[2021.01.02-09.17.15:760][603]Warning: Starting HotReload took  0.0s.
[2021.01.02-09.17.46:727][743]CompilerResultsLog: New page: Compilation - Jan 2, 2021, 9:17:46 AM
[2021.01.02-09.17.46:728][743]CompilerResultsLog: Using 'git status' to determine working set for adaptive non-unity build (C:\programming\udemy_unrealEngine).
[2021.01.02-09.17.46:728][743]CompilerResultsLog: Creating makefile for BuildingEscapeEditor (ini files are newer than makefile)
[2021.01.02-09.17.46:728][743]CompilerResultsLog: Parsing headers for BuildingEscapeEditor
[2021.01.02-09.17.46:728][743]CompilerResultsLog:   Running UnrealHeaderTool "C:\programming\udemy_unrealEngine\BuildingEscape\BuildingEscape.uproject" "C:\programming\udemy_unrealEngine\BuildingEscape\Intermediate\Build\Win64\BuildingEscapeEditor\Development\BuildingEscapeEditor.uhtmanifest" -LogCmds="loginit warning, logexit warning, logdatabase error" -Unattended -WarningsAsErrors -installed
[2021.01.02-09.17.46:728][743]CompilerResultsLog: Error: C:/programming/udemy_unrealEngine/BuildingEscape/Source/BuildingEscape/OpenDoor.h(54)  : Error: Unexpected end of Global scope in 'Class' block
[2021.01.02-09.17.46:729][743]LogMainFrame: MainFrame: Module compiling took 30.982 seconds
[2021.01.02-09.17.46:729][743]Warning: HotReload failed, recompile failed
[2021.01.02-09.18.28:367][955]LogSlate: FSceneViewport::OnFocusLost() reason 0
[2021.01.02-09.18.28:471][961]Candidate modules for hot reload:
[2021.01.02-09.18.28:471][961]  BuildingEscape
[2021.01.02-09.18.28:471][961]Launching UnrealBuildTool... [C:/Program Files/Epic Games/UE_4.22/Engine/Binaries/DotNET/UnrealBuildTool.exe  -ModuleWithSuffix=BuildingEscape,9523 Win64 Development -TargetType=Editor -Project="C:/programming/udemy_unrealEngine/BuildingEscape/BuildingEscape.uproject" "C:/programming/udemy_unrealEngine/BuildingEscape/BuildingEscape.uproject"  -IgnoreJunk]
[2021.01.02-09.18.28:475][961]Warning: Starting HotReload took  0.0s.
[2021.01.02-09.18.38:832][  3]CompilerResultsLog: New page: Compilation - Jan 2, 2021, 9:18:38 AM
[2021.01.02-09.18.38:832][  3]CompilerResultsLog: Using 'git status' to determine working set for adaptive non-unity build (C:\programming\udemy_unrealEngine).
[2021.01.02-09.18.38:832][  3]CompilerResultsLog: Creating makefile for BuildingEscapeEditor (ini files are newer than makefile)
[2021.01.02-09.18.38:832][  3]CompilerResultsLog: Parsing headers for BuildingEscapeEditor
[2021.01.02-09.18.38:832][  3]CompilerResultsLog:   Running UnrealHeaderTool "C:\programming\udemy_unrealEngine\BuildingEscape\BuildingEscape.uproject" "C:\programming\udemy_unrealEngine\BuildingEscape\Intermediate\Build\Win64\BuildingEscapeEditor\Development\BuildingEscapeEditor.uhtmanifest" -LogCmds="loginit warning, logexit warning, logdatabase error" -Unattended -WarningsAsErrors -installed
[2021.01.02-09.18.38:832][  3]CompilerResultsLog: Error: C:/programming/udemy_unrealEngine/BuildingEscape/Source/BuildingEscape/OpenDoor.h(54)  : Error: Unexpected end of Global scope in 'Class' block
[2021.01.02-09.18.38:832][  3]LogMainFrame: MainFrame: Module compiling took 10.364 seconds
[2021.01.02-09.18.38:832][  3]Warning: HotReload failed, recompile failed
[2021.01.02-09.18.42:186][ 83]LogSlate: FSceneViewport::OnFocusLost() reason 0
[2021.01.02-09.19.01:762][930]LogSlate: Window 'Message Log' being destroyed
[2021.01.02-09.19.01:773][930]LogSlate: Window 'Message Log' being destroyed
[2021.01.02-09.19.02:981][  3]LogSlate: FSceneViewport::OnFocusLost() reason 0
[2021.01.02-09.19.03:068][  8]Candidate modules for hot reload:
[2021.01.02-09.19.03:069][  8]  BuildingEscape
[2021.01.02-09.19.03:069][  8]Launching UnrealBuildTool... [C:/Program Files/Epic Games/UE_4.22/Engine/Binaries/DotNET/UnrealBuildTool.exe  -ModuleWithSuffix=BuildingEscape,6629 Win64 Development -TargetType=Editor -Project="C:/programming/udemy_unrealEngine/BuildingEscape/BuildingEscape.uproject" "C:/programming/udemy_unrealEngine/BuildingEscape/BuildingEscape.uproject"  -IgnoreJunk]
[2021.01.02-09.19.03:073][  8]Warning: Starting HotReload took  0.0s.
[2021.01.02-09.19.28:148][140]CompilerResultsLog: New page: Compilation - Jan 2, 2021, 9:19:28 AM
[2021.01.02-09.19.28:148][140]CompilerResultsLog: Using 'git status' to determine working set for adaptive non-unity build (C:\programming\udemy_unrealEngine).
[2021.01.02-09.19.28:148][140]CompilerResultsLog: Creating makefile for BuildingEscapeEditor (ini files are newer than makefile)
[2021.01.02-09.19.28:148][140]CompilerResultsLog: Parsing headers for BuildingEscapeEditor
[2021.01.02-09.19.28:148][140]CompilerResultsLog:   Running UnrealHeaderTool "C:\programming\udemy_unrealEngine\BuildingEscape\BuildingEscape.uproject" "C:\programming\udemy_unrealEngine\BuildingEscape\Intermediate\Build\Win64\BuildingEscapeEditor\Development\BuildingEscapeEditor.uhtmanifest" -LogCmds="loginit warning, logexit warning, logdatabase error" -Unattended -WarningsAsErrors -installed
[2021.01.02-09.19.28:148][140]CompilerResultsLog: Reflection code generated for BuildingEscapeEditor in 7.4599291 seconds
[2021.01.02-09.19.28:148][140]CompilerResultsLog: Using Visual Studio 2019 14.28.29333 toolchain (C:\Program Files (x86)\Microsoft Visual Studio\2019\Community\VC\Tools\MSVC\14.28.29333) and Windows 10.0.18362.0 SDK (C:\Program Files (x86)\Windows Kits\10).
[2021.01.02-09.19.28:148][140]CompilerResultsLog: Building 6 actions with 4 processes...
[2021.01.02-09.19.28:148][140]CompilerResultsLog:   [1/6] BuildingEscape.init.gen.cpp
[2021.01.02-09.19.28:148][140]CompilerResultsLog:   [2/6] OpenDoor.cpp
[2021.01.02-09.19.28:148][140]CompilerResultsLog:   [3/6] OpenDoor.gen.cpp
[2021.01.02-09.19.28:149][140]CompilerResultsLog:   [4/6] UE4Editor-BuildingEscape-6629.lib
[2021.01.02-09.19.28:149][140]CompilerResultsLog:      Creating library C:\programming\udemy_unrealEngine\BuildingEscape\Intermediate\Build\Win64\UE4Editor\Development\BuildingEscape\UE4Editor-BuildingEscape-6629.lib and object C:\programming\udemy_unrealEngine\BuildingEscape\Intermediate\Build\Win64\UE4Editor\Development\BuildingEscape\UE4Editor-BuildingEscape-6629.exp
[2021.01.02-09.19.28:149][140]CompilerResultsLog:   [5/6] UE4Editor-BuildingEscape-6629.dll
[2021.01.02-09.19.28:149][140]CompilerResultsLog:      Creating library C:\programming\udemy_unrealEngine\BuildingEscape\Intermediate\Build\Win64\UE4Editor\Development\BuildingEscape\UE4Editor-BuildingEscape-6629.suppressed.lib and object C:\programming\udemy_unrealEngine\BuildingEscape\Intermediate\Build\Win64\UE4Editor\Development\BuildingEscape\UE4Editor-BuildingEscape-6629.suppressed.exp
[2021.01.02-09.19.28:149][140]CompilerResultsLog:   [6/6] BuildingEscapeEditor.target
[2021.01.02-09.19.28:149][140]CompilerResultsLog: Total time in Parallel executor: 13.91 seconds
[2021.01.02-09.19.28:149][140]CompilerResultsLog: Total execution time: 24.74 seconds
[2021.01.02-09.19.28:149][140]LogMainFrame: MainFrame: Module compiling took 25.084 seconds
[2021.01.02-09.19.28:177][140]LogUObjectHash: Compacting FUObjectHashTables data took   0.97ms
[2021.01.02-09.19.28:199][140]LogClass: Could not find existing class OpenDoor in package /Script/BuildingEscape for HotReload, assuming new class
[2021.01.02-09.19.28:211][140]LogHotReload: Re-instancing OpenDoor after hot-reload.
[2021.01.02-09.19.28:326][140]LogContentBrowser: Native class hierarchy updated for 'BuildingEscape' in 0.0007 seconds. Added 3 classes and 2 folders.
[2021.01.02-09.19.28:329][140]Display: HotReload successful (0 functions remapped  0 scriptstructs remapped)
[2021.01.02-09.19.28:428][140]LogUObjectHash: Compacting FUObjectHashTables data took   1.31ms
[2021.01.02-09.19.28:454][140]LogContentBrowser: Native class hierarchy populated in 0.0110 seconds. Added 2736 classes and 663 folders.
[2021.01.02-09.19.28:459][140]Display: HotReload took 25.4s.
[2021.01.02-09.21.19:089][622]LogSlate: FSceneViewport::OnFocusLost() reason 0
[2021.01.02-09.21.19:193][628]Candidate modules for hot reload:
[2021.01.02-09.21.19:193][628]  BuildingEscape
[2021.01.02-09.21.19:194][628]Launching UnrealBuildTool... [C:/Program Files/Epic Games/UE_4.22/Engine/Binaries/DotNET/UnrealBuildTool.exe  -ModuleWithSuffix=BuildingEscape,9007 Win64 Development -TargetType=Editor -Project="C:/programming/udemy_unrealEngine/BuildingEscape/BuildingEscape.uproject" "C:/programming/udemy_unrealEngine/BuildingEscape/BuildingEscape.uproject"  -IgnoreJunk]
[2021.01.02-09.21.19:197][628]Warning: Starting HotReload took  0.0s.
[2021.01.02-09.21.20:842][686]LogEditorViewport: Clicking on Actor (LMB): StaticMeshActor (2x1_Door_and_Frame_Door2)
[2021.01.02-09.21.22:156][729]LogSlate: Took 0.009413 seconds to synchronously load lazily loaded font '../../../Engine/Content/Slate/Fonts/Roboto-Italic.ttf' (157K)
[2021.01.02-09.21.24:317][855]LogSlate: FSceneViewport::OnFocusLost() reason 0
[2021.01.02-09.21.33:488][400]CompilerResultsLog: New page: Compilation - Jan 2, 2021, 9:21:33 AM
[2021.01.02-09.21.33:488][400]CompilerResultsLog: Using 'git status' to determine working set for adaptive non-unity build (C:\programming\udemy_unrealEngine).
[2021.01.02-09.21.33:488][400]CompilerResultsLog: Parsing headers for BuildingEscapeEditor
[2021.01.02-09.21.33:488][400]CompilerResultsLog:   Running UnrealHeaderTool "C:\programming\udemy_unrealEngine\BuildingEscape\BuildingEscape.uproject" "C:\programming\udemy_unrealEngine\BuildingEscape\Intermediate\Build\Win64\BuildingEscapeEditor\Development\BuildingEscapeEditor.uhtmanifest" -LogCmds="loginit warning, logexit warning, logdatabase error" -Unattended -WarningsAsErrors -installed
[2021.01.02-09.21.33:488][400]CompilerResultsLog: Reflection code generated for BuildingEscapeEditor in 8.4423214 seconds
[2021.01.02-09.21.33:488][400]CompilerResultsLog: Using Visual Studio 2019 14.28.29333 toolchain (C:\Program Files (x86)\Microsoft Visual Studio\2019\Community\VC\Tools\MSVC\14.28.29333) and Windows 10.0.18362.0 SDK (C:\Program Files (x86)\Windows Kits\10).
[2021.01.02-09.21.33:488][400]CompilerResultsLog: Building 6 actions with 4 processes...
[2021.01.02-09.21.33:488][400]CompilerResultsLog:   [1/6] BuildingEscape.init.gen.cpp
[2021.01.02-09.21.33:488][400]CompilerResultsLog:   [2/6] OpenDoor.cpp
[2021.01.02-09.21.33:488][400]CompilerResultsLog:   [3/6] OpenDoor.gen.cpp
[2021.01.02-09.21.33:488][400]CompilerResultsLog:   [4/6] UE4Editor-BuildingEscape-9007.lib
[2021.01.02-09.21.33:488][400]CompilerResultsLog:      Creating library C:\programming\udemy_unrealEngine\BuildingEscape\Intermediate\Build\Win64\UE4Editor\Development\BuildingEscape\UE4Editor-BuildingEscape-9007.lib and object C:\programming\udemy_unrealEngine\BuildingEscape\Intermediate\Build\Win64\UE4Editor\Development\BuildingEscape\UE4Editor-BuildingEscape-9007.exp
[2021.01.02-09.21.33:488][400]CompilerResultsLog:   [5/6] UE4Editor-BuildingEscape-9007.dll
[2021.01.02-09.21.33:488][400]CompilerResultsLog:      Creating library C:\programming\udemy_unrealEngine\BuildingEscape\Intermediate\Build\Win64\UE4Editor\Development\BuildingEscape\UE4Editor-BuildingEscape-9007.suppressed.lib and object C:\programming\udemy_unrealEngine\BuildingEscape\Intermediate\Build\Win64\UE4Editor\Development\BuildingEscape\UE4Editor-BuildingEscape-9007.suppressed.exp
[2021.01.02-09.21.33:488][400]CompilerResultsLog:   [6/6] BuildingEscapeEditor.target
[2021.01.02-09.21.33:488][400]CompilerResultsLog: Total time in Parallel executor: 3.66 seconds
[2021.01.02-09.21.33:488][400]CompilerResultsLog: Total execution time: 14.12 seconds
[2021.01.02-09.21.33:488][400]LogMainFrame: MainFrame: Module compiling took 14.298 seconds
[2021.01.02-09.21.33:514][400]LogUObjectHash: Compacting FUObjectHashTables data took   0.65ms
[2021.01.02-09.21.33:537][400]LogClass: Could not find existing class OpenDoor in package /Script/BuildingEscape for HotReload, assuming new class
[2021.01.02-09.21.33:542][400]LogHotReload: Re-instancing OpenDoor after hot-reload.
[2021.01.02-09.21.33:619][400]LogContentBrowser: Native class hierarchy updated for 'BuildingEscape' in 0.0005 seconds. Added 3 classes and 2 folders.
[2021.01.02-09.21.33:622][400]Display: HotReload successful (0 functions remapped  0 scriptstructs remapped)
[2021.01.02-09.21.33:683][400]LogUObjectHash: Compacting FUObjectHashTables data took   1.17ms
[2021.01.02-09.21.33:698][400]LogContentBrowser: Native class hierarchy populated in 0.0101 seconds. Added 2736 classes and 663 folders.
[2021.01.02-09.21.33:698][400]Display: HotReload took 14.5s.
